2017-10-09 15:36:06 AzerothCore rev. 2e6d14c64f51+ 2017-10-08 16:01:00 -0500 (bots-ahbot branch) (Unix, Release) (authserver)
2017-10-09 15:36:06 <Ctrl-C> to stop.

2017-10-09 15:36:06    █████╗ ███████╗███████╗██████╗  ██████╗ ████████╗██╗  ██╗
2017-10-09 15:36:06   ██╔══██╗╚══███╔╝██╔════╝██╔══██╗██╔═══██╗╚══██╔══╝██║  ██║
2017-10-09 15:36:06   ███████║  ███╔╝ █████╗  ██████╔╝██║   ██║   ██║   ███████║
2017-10-09 15:36:06   ██╔══██║ ███╔╝  ██╔══╝  ██╔══██╗██║   ██║   ██║   ██╔══██║
2017-10-09 15:36:06   ██║  ██║███████╗███████╗██║  ██║╚██████╔╝   ██║   ██║  ██║
2017-10-09 15:36:06   ╚═╝  ╚═╝╚══════╝╚══════╝╚═╝  ╚═╝ ╚═════╝    ╚═╝   ╚═╝  ╚═╝
2017-10-09 15:36:06                                 ██████╗ ██████╗ ██████╗ ███████╗
2017-10-09 15:36:06                                 ██╔════╝██╔═══██╗██╔══██╗██╔════╝
2017-10-09 15:36:06                                 ██║     ██║   ██║██████╔╝█████╗
2017-10-09 15:36:06                                 ██║     ██║   ██║██╔══██╗██╔══╝
2017-10-09 15:36:06                                 ╚██████╗╚██████╔╝██║  ██║███████╗
2017-10-09 15:36:06                                  ╚═════╝ ╚═════╝ ╚═╝  ╚═╝╚══════╝

2017-10-09 15:36:06   	  AzerothCore 3.3.5a  -  www.azerothcore.org

2017-10-09 15:36:06 Using configuration file /home/user/azeroth-server/etc/authserver.conf.
2017-10-09 15:36:06 Started auth database connection pool.
2017-10-09 15:36:06 Updating Realm List...
2017-10-09 15:36:06 Added realm "AzerothCore" at 127.0.0.1:8085.
2017-10-09 15:37:28 Updating Realm List...
2017-10-09 16:01:07 Halting process...
